<?xml version="1.0" encoding="UTF-8"?><testsuite errors="1" failures="0" name=": Crear usuario desde el servicio" skipped="0" tests="1" time="15.5" timestamp="2022-03-05 12:37:38"><testcase name="quiero crear usuario por medio del metodo de pet"><error message="body cannot be null" type="java.lang.IllegalArgumentException">body cannot be null</error><system-err>body cannot be null&#13;
io.restassured.internal.assertion.AssertParameter.notNull(AssertParameter.groovy:26)&#13;
io.restassured.internal.RequestSpecificationImpl.body(RequestSpecificationImpl.groovy:739)&#13;
net.serenitybdd.rest.decorators.request.RequestSpecificationBodyConfigurations.body(RequestSpecificationBodyConfigurations.java:55)&#13;
net.serenitybdd.rest.decorators.request.RequestSpecificationDecorated.body(RequestSpecificationDecorated.java:28)&#13;
io.swagger.petstore.steps.PetstoreSteps.consultarUserPet(PetstoreSteps.java:43)&#13;
io.swagger.petstore.stepDefinitions.PetStepDefinition.cuandoQuieroCrearUnUsuario(PetStepDefinition.java:17)&#13;
✽.cuando quiero crear un usuario(src/test/resources/features/pet.feature:5)&#13;
</system-err></testcase></testsuite>